<?xml version="1.0" encoding="UTF-8"?>
<!-- Generated by org.testng.reporters.JUnitXMLReporter -->
<testsuite hostname="AKBAR" ignored="0" name="Regression suite 1" tests="3" failures="3" timestamp="07 Jan 2019 06:29:01 GMT" time="31.908" errors="0">
  <testcase name="validate_AgeGate_Popup" time="0.014" classname="com.lift_co.tests.AgeGateTest">
    <failure type="java.lang.NullPointerException">
      <![CDATA[java.lang.NullPointerException
at com.lift_co.pages.AgeGate.AgeGatePopup(AgeGate.java:45)
at com.lift_co.tests.AgeGateTest.validate_AgeGate_Popup(AgeGateTest.java:28)
... Removed 25 stack frames]]>
    </failure>
  </testcase> <!-- validate_AgeGate_Popup -->
  <testcase name="validate_AgeGate_form" time="0.009" classname="com.lift_co.tests.AgeGateTest">
    <failure type="java.lang.NoSuchMethodError" message="org.openqa.selenium.support.ui.WebDriverWait.until(Ljava/util/function/Function;)Ljava/lang/Object;">
      <![CDATA[java.lang.NoSuchMethodError: org.openqa.selenium.support.ui.WebDriverWait.until(Ljava/util/function/Function;)Ljava/lang/Object;
at com.lift_co.util.Utility.wait(Utility.java:59)
at com.lift_co.pages.AgeGate.fill_AgeGate_Form(AgeGate.java:74)
at com.lift_co.tests.AgeGateTest.validate_AgeGate_form(AgeGateTest.java:36)
... Removed 25 stack frames]]>
    </failure>
  </testcase> <!-- validate_AgeGate_form -->
  <testcase name="validate_Enter_Btn" time="0.002" classname="com.lift_co.tests.AgeGateTest">
    <failure type="java.lang.NullPointerException">
      <![CDATA[java.lang.NullPointerException
at com.lift_co.pages.AgeGate.check_enterBtn(AgeGate.java:84)
at com.lift_co.tests.AgeGateTest.validate_Enter_Btn(AgeGateTest.java:43)
... Removed 25 stack frames]]>
    </failure>
  </testcase> <!-- validate_Enter_Btn -->
</testsuite> <!-- Regression suite 1 -->
