<?xml version="1.0" encoding="UTF-8"?>
<!-- Generated by org.testng.reporters.JUnitXMLReporter -->
<testsuite hostname="AKBAR" ignored="0" name="AgeGateTest" tests="2" failures="0" timestamp="04 Jan 2019 09:38:12 GMT" time="0.098" errors="0">
  <testcase name="@BeforeMethod setUp" time="0.032" classname="com.lift_co.tests.AgeGateTest">
    <failure type="java.lang.NoClassDefFoundError" message="com/google/common/collect/ImmutableMap">
      <![CDATA[java.lang.NoClassDefFoundError: com/google/common/collect/ImmutableMap
at org.openqa.selenium.remote.service.DriverService$Builder.<init>(DriverService.java:259)
at org.openqa.selenium.chrome.ChromeDriverService$Builder.<init>(ChromeDriverService.java:101)
at org.openqa.selenium.chrome.ChromeDriverService.createDefaultService(ChromeDriverService.java:94)
at org.openqa.selenium.chrome.ChromeDriver.<init>(ChromeDriver.java:123)
at com.lift_co.base.Base.initialization_AgeGate(Base.java:47)
at com.lift_co.tests.AgeGateTest.setUp(AgeGateTest.java:23)
Caused by: java.lang.ClassNotFoundException: com.google.common.collect.ImmutableMap
at java.net.URLClassLoader.findClass(Unknown Source)
at java.lang.ClassLoader.loadClass(Unknown Source)
at sun.misc.Launcher$AppClassLoader.loadClass(Unknown Source)
at java.lang.ClassLoader.loadClass(Unknown Source)
... 34 more
... Removed 28 stack frames]]>
    </failure>
  </testcase> <!-- @BeforeMethod setUp -->
  <testcase name="@AfterMethod tearDown" time="0.0" classname="com.lift_co.tests.AgeGateTest">
    <skipped/>
  </testcase> <!-- @AfterMethod tearDown -->
  <testcase name="@BeforeMethod setUp" time="0.0" classname="com.lift_co.tests.AgeGateTest">
    <skipped/>
  </testcase> <!-- @BeforeMethod setUp -->
  <testcase name="@AfterMethod tearDown" time="0.0" classname="com.lift_co.tests.AgeGateTest">
    <skipped/>
  </testcase> <!-- @AfterMethod tearDown -->
  <testcase name="validate_Enter_Btn" time="0.0" classname="com.lift_co.tests.AgeGateTest">
    <skipped/>
  </testcase> <!-- validate_Enter_Btn -->
  <testcase name="validate_AgeGate_Popup" time="0.0" classname="com.lift_co.tests.AgeGateTest">
    <skipped/>
  </testcase> <!-- validate_AgeGate_Popup -->
</testsuite> <!-- AgeGateTest -->
