<?xml version="1.0" encoding="UTF-8"?>
<!-- Generated by org.testng.reporters.JUnitXMLReporter -->
<testsuite hostname="AKBAR" ignored="4" name="Sanity Test" tests="12" failures="0" timestamp="06 Feb 2019 09:33:34 GMT" time="251.539" errors="0">
  <testcase name="@BeforeMethod setUp" time="15.772" classname="com.lift_co.tests.Rewards_Test">
    <failure type="org.openqa.selenium.StaleElementReferenceException" message="stale element reference: element is not attached to the page document
  (Session info: chrome=71.0.3578.98)
  (Driver info: chromedriver=2.45.615291 (ec3682e3c9061c10f26ea9e5cdcf3c53f3f74387),platform=Windows NT 10.0.17134 x86_64) (WARNING: The server did not provide any stacktrace information)
Command duration or timeout: 211 milliseconds
For documentation on this error, please visit: http://seleniumhq.org/exceptions/stale_element_reference.html
Build info: version: &amp;apos;2.50.1&amp;apos;, revision: &amp;apos;d7fc91b&amp;apos;, time: &amp;apos;2016-01-29 19:08:34&amp;apos;
System info: host: &amp;apos;AKBAR&amp;apos;, ip: &amp;apos;192.168.0.107&amp;apos;, os.name: &amp;apos;Windows 10&amp;apos;, os.arch: &amp;apos;amd64&amp;apos;, os.version: &amp;apos;10.0&amp;apos;, java.version: &amp;apos;1.8.0_181&amp;apos;
Driver info: org.openqa.selenium.chrome.ChromeDriver
Capabilities [{mobileEmulationEnabled=false, timeouts={implicit=0, pageLoad=300000, script=30000}, hasTouchScreen=false, platform=XP, acceptSslCerts=false, goog:chromeOptions={debuggerAddress=localhost:58152}, acceptInsecureCerts=false, webStorageEnabled=true, browserName=chrome, takesScreenshot=true, javascriptEnabled=true, setWindowRect=true, unexpectedAlertBehaviour=ignore, applicationCacheEnabled=false, rotatable=false, networkConnectionEnabled=false, chrome={chromedriverVersion=2.45.615291 (ec3682e3c9061c10f26ea9e5cdcf3c53f3f74387), userDataDir=C:\Users\LENOVO\AppData\Local\Temp\scoped_dir26152_29927}, takesHeapSnapshot=true, pageLoadStrategy=normal, strictFileInteractability=false, databaseEnabled=false, handlesAlerts=true, version=71.0.3578.98, browserConnectionEnabled=false, proxy={}, nativeEvents=true, locationContextEnabled=true, cssSelectorsEnabled=true}]
Session ID: 56c086209c810f10ef18ca02c005cafa">
      <![CDATA[org.openqa.selenium.StaleElementReferenceException: stale element reference: element is not attached to the page document
  (Session info: chrome=71.0.3578.98)
  (Driver info: chromedriver=2.45.615291 (ec3682e3c9061c10f26ea9e5cdcf3c53f3f74387),platform=Windows NT 10.0.17134 x86_64) (WARNING: The server did not provide any stacktrace information)
Command duration or timeout: 211 milliseconds
For documentation on this error, please visit: http://seleniumhq.org/exceptions/stale_element_reference.html
Build info: version: '2.50.1', revision: 'd7fc91b', time: '2016-01-29 19:08:34'
System info: host: 'AKBAR', ip: '192.168.0.107', os.name: 'Windows 10', os.arch: 'amd64', os.version: '10.0', java.version: '1.8.0_181'
Driver info: org.openqa.selenium.chrome.ChromeDriver
Capabilities [{mobileEmulationEnabled=false, timeouts={implicit=0, pageLoad=300000, script=30000}, hasTouchScreen=false, platform=XP, acceptSslCerts=false, goog:chromeOptions={debuggerAddress=localhost:58152}, acceptInsecureCerts=false, webStorageEnabled=true, browserName=chrome, takesScreenshot=true, javascriptEnabled=true, setWindowRect=true, unexpectedAlertBehaviour=ignore, applicationCacheEnabled=false, rotatable=false, networkConnectionEnabled=false, chrome={chromedriverVersion=2.45.615291 (ec3682e3c9061c10f26ea9e5cdcf3c53f3f74387), userDataDir=C:\Users\LENOVO\AppData\Local\Temp\scoped_dir26152_29927}, takesHeapSnapshot=true, pageLoadStrategy=normal, strictFileInteractability=false, databaseEnabled=false, handlesAlerts=true, version=71.0.3578.98, browserConnectionEnabled=false, proxy={}, nativeEvents=true, locationContextEnabled=true, cssSelectorsEnabled=true}]
Session ID: 56c086209c810f10ef18ca02c005cafa
at org.openqa.selenium.remote.ErrorHandler.createThrowable(ErrorHandler.java:206)
at org.openqa.selenium.remote.ErrorHandler.throwIfResponseFailed(ErrorHandler.java:158)
at org.openqa.selenium.remote.RemoteWebDriver.execute(RemoteWebDriver.java:678)
at org.openqa.selenium.remote.RemoteWebElement.execute(RemoteWebElement.java:327)
at org.openqa.selenium.remote.RemoteWebElement.click(RemoteWebElement.java:85)
at org.openqa.selenium.support.pagefactory.internal.LocatingElementHandler.invoke(LocatingElementHandler.java:51)
at com.sun.proxy.$Proxy10.click(Unknown Source)
at com.lift_co.tests.Rewards_Test.setUp(Rewards_Test.java:55)
... Removed 35 stack frames]]>
    </failure>
  </testcase> <!-- @BeforeMethod setUp -->
  <testcase name="@AfterMethod tearDown" time="0.0" classname="com.lift_co.tests.Rewards_Test">
    <skipped/>
  </testcase> <!-- @AfterMethod tearDown -->
  <testcase name="registration_Test" time="21.578" classname="com.lift_co.tests.RegistrationPageTest"/>
  <testcase name="verify_Recommendation_Recom_1" time="5.897" classname="com.lift_co.tests.RecommendationTest"/>
  <testcase name="verify_HomePage_Elements" time="0.202" classname="com.lift_co.tests.HomePageTest"/>
  <testcase name="AgeGatePopup_DisplayTest" time="0.234" classname="com.lift_co.tests.AgeGateTest"/>
  <testcase name="writeReviewTest_forLoggedUser" time="41.768" classname="com.lift_co.tests.WriteReviewTest"/>
  <testcase name="validate_myPoints_N_UnlockBtnOn_RewardsPage" time="0.0" classname="com.lift_co.tests.Rewards_Test">
    <skipped/>
  </testcase> <!-- validate_myPoints_N_UnlockBtnOn_RewardsPage -->
  <testcase name="validate_Producer_searchFieldTest" time="8.396" classname="com.lift_co.tests.SearchTest"/>
  <testcase name="verify_Favorite_product_Test" time="12.423" classname="com.lift_co.tests.Favorites_Test"/>
  <testcase name="verify_MagazinePage_Test" time="0.554" classname="com.lift_co.tests.MagazinePageTest"/>
  <testcase name="verify_LearnPage_Test" time="2.589" classname="com.lift_co.tests.LearnPageTest"/>
  <testcase name="AgeVerificationTest" time="0.268" classname="com.lift_co.tests.AgeGateTest"/>
  <testcase name="verify_GuestUserShouldNotAllow_toReview_withoutSignin" time="7.681" classname="com.lift_co.tests.RecommendationTest"/>
  <testcase name="validate_forAgeLessThan18" time="0.0" classname="com.lift_co.tests.AgeGateTest">
    <ignored/>
  </testcase> <!-- validate_forAgeLessThan18 -->
  <testcase name="validate_forAgeMoreThan18" time="0.0" classname="com.lift_co.tests.AgeGateTest">
    <ignored/>
  </testcase> <!-- validate_forAgeMoreThan18 -->
  <testcase name="validate_UnlockingOfReward" time="0.0" classname="com.lift_co.tests.Rewards_Test">
    <ignored/>
  </testcase> <!-- validate_UnlockingOfReward -->
  <testcase name="writeReviewsFor_new_clinics" time="0.0" classname="com.lift_co.tests.WriteReviewTest">
    <ignored/>
  </testcase> <!-- writeReviewsFor_new_clinics -->
</testsuite> <!-- Sanity Test -->
